<?xml version="1.0" encoding="UTF-8"?>
<!-- Generated by org.testng.reporters.JUnitXMLReporter -->
<testsuite hostname="DESKTOP-52A8PT0" ignored="0" name="Default test" tests="3" failures="0" timestamp="2020-08-27T21:45:42 IST" time="87.228" errors="0">
  <testcase name="addAdminUser" time="2.036" classname="com.qa.testscripts.AddAdminTest"/>
  <testcase name="newUsersData" time="28.085" classname="com.qa.testscripts.AddAdminTest"/>
  <testcase name="newUsersData" time="28.43" classname="com.qa.testscripts.AddAdminTest"/>
</testsuite> <!-- Default test -->
