<?xml version="1.0" encoding="UTF-8"?>
<!-- Generated by org.testng.reporters.JUnitXMLReporter -->
<testsuite hostname="DESKTOP-52A8PT0" ignored="0" name="Test" tests="6" failures="0" timestamp="2020-08-29T19:28:02 IST" time="203.258" errors="0">
  <testcase name="verifyPageTitle" time="5.052" classname="com.qa.testscripts.LoginPageTest"/>
  <testcase name="verifyLoginElement" time="5.3" classname="com.qa.testscripts.LoginPageTest"/>
  <testcase name="loginTest" time="11.125" classname="com.qa.testscripts.LoginPageTest"/>
  <testcase name="checkDashboardTitle" time="5.637" classname="com.qa.testscripts.DashBoardTest"/>
  <testcase name="newUsersData" time="35.642" classname="com.qa.testscripts.AddAdminTest"/>
  <testcase name="newUsersData" time="33.538" classname="com.qa.testscripts.AddAdminTest"/>
</testsuite> <!-- Test -->
