<?xml version="1.0" encoding="UTF-8"?>
<!-- Generated by org.testng.reporters.JUnitXMLReporter -->
<testsuite hostname="DESKTOP-52A8PT0" ignored="0" name="Command line test" tests="6" failures="0" timestamp="29 Aug 2020 14:49:10 GMT" time="227.441" errors="0">
  <testcase name="checkDashboardTitle" time="4.148" classname="com.qa.testscripts.DashBoardTest"/>
  <testcase name="newUsersData" time="35.746" classname="com.qa.testscripts.AddAdminTest"/>
  <testcase name="newUsersData" time="33.61" classname="com.qa.testscripts.AddAdminTest"/>
  <testcase name="verifyPageTitle" time="5.015" classname="com.qa.testscripts.LoginPageTest"/>
  <testcase name="verifyLoginElement" time="5.081" classname="com.qa.testscripts.LoginPageTest"/>
  <testcase name="loginTest" time="13.017" classname="com.qa.testscripts.LoginPageTest"/>
</testsuite> <!-- Command line test -->
