<?xml version="1.0" encoding="UTF-8"?>
<testng-results skipped="0" failed="0" ignored="0" total="6" passed="6">
  <reporter-output>
  </reporter-output>
  <suite name="Suite" duration-ms="203258" started-at="2020-08-29T19:24:38 IST" finished-at="2020-08-29T19:28:02 IST">
    <groups>
    </groups>
    <test name="Test" duration-ms="203258" started-at="2020-08-29T19:24:38 IST" finished-at="2020-08-29T19:28:02 IST">
      <class name="com.qa.testscripts.LoginPageTest">
        <test-method status="PASS" signature="setUp()[pri:0, instance:com.qa.testscripts.LoginPageTest@543c6f6d]" name="setUp" is-config="true" duration-ms="20703" started-at="2020-08-29T19:24:38 IST" finished-at="2020-08-29T19:24:59 IST">
          <reporter-output>
          </reporter-output>
        </test-method> <!-- setUp -->
        <test-method status="PASS" signature="verifyPageTitle()[pri:1, instance:com.qa.testscripts.LoginPageTest@543c6f6d]" name="verifyPageTitle" duration-ms="5052" started-at="2020-08-29T19:24:59 IST" finished-at="2020-08-29T19:25:04 IST">
          <reporter-output>
          </reporter-output>
        </test-method> <!-- verifyPageTitle -->
        <test-method status="PASS" signature="closeApp()[pri:0, instance:com.qa.testscripts.LoginPageTest@543c6f6d]" name="closeApp" is-config="true" duration-ms="906" started-at="2020-08-29T19:25:04 IST" finished-at="2020-08-29T19:25:05 IST">
          <reporter-output>
          </reporter-output>
        </test-method> <!-- closeApp -->
        <test-method status="PASS" signature="setUp()[pri:0, instance:com.qa.testscripts.LoginPageTest@543c6f6d]" name="setUp" is-config="true" duration-ms="10390" started-at="2020-08-29T19:25:05 IST" finished-at="2020-08-29T19:25:16 IST">
          <reporter-output>
          </reporter-output>
        </test-method> <!-- setUp -->
        <test-method status="PASS" signature="verifyLoginElement()[pri:2, instance:com.qa.testscripts.LoginPageTest@543c6f6d]" name="verifyLoginElement" duration-ms="5300" started-at="2020-08-29T19:25:16 IST" finished-at="2020-08-29T19:25:21 IST">
          <reporter-output>
          </reporter-output>
        </test-method> <!-- verifyLoginElement -->
        <test-method status="PASS" signature="closeApp()[pri:0, instance:com.qa.testscripts.LoginPageTest@543c6f6d]" name="closeApp" is-config="true" duration-ms="645" started-at="2020-08-29T19:25:21 IST" finished-at="2020-08-29T19:25:21 IST">
          <reporter-output>
          </reporter-output>
        </test-method> <!-- closeApp -->
        <test-method status="PASS" signature="setUp()[pri:0, instance:com.qa.testscripts.LoginPageTest@543c6f6d]" name="setUp" is-config="true" duration-ms="9884" started-at="2020-08-29T19:25:21 IST" finished-at="2020-08-29T19:25:31 IST">
          <reporter-output>
          </reporter-output>
        </test-method> <!-- setUp -->
        <test-method status="PASS" signature="loginTest()[pri:3, instance:com.qa.testscripts.LoginPageTest@543c6f6d]" name="loginTest" duration-ms="11125" started-at="2020-08-29T19:25:31 IST" finished-at="2020-08-29T19:25:42 IST">
          <reporter-output>
          </reporter-output>
        </test-method> <!-- loginTest -->
        <test-method status="PASS" signature="closeApp()[pri:0, instance:com.qa.testscripts.LoginPageTest@543c6f6d]" name="closeApp" is-config="true" duration-ms="618" started-at="2020-08-29T19:25:42 IST" finished-at="2020-08-29T19:25:43 IST">
          <reporter-output>
          </reporter-output>
        </test-method> <!-- closeApp -->
      </class> <!-- com.qa.testscripts.LoginPageTest -->
      <class name="com.qa.testscripts.DashBoardTest">
        <test-method status="PASS" signature="setUp()[pri:0, instance:com.qa.testscripts.DashBoardTest@13eb8acf]" name="setUp" is-config="true" duration-ms="14065" started-at="2020-08-29T19:25:43 IST" finished-at="2020-08-29T19:25:57 IST">
          <reporter-output>
          </reporter-output>
        </test-method> <!-- setUp -->
        <test-method status="PASS" signature="checkDashboardTitle()[pri:0, instance:com.qa.testscripts.DashBoardTest@13eb8acf]" name="checkDashboardTitle" duration-ms="5637" started-at="2020-08-29T19:25:57 IST" finished-at="2020-08-29T19:26:03 IST">
          <reporter-output>
          </reporter-output>
        </test-method> <!-- checkDashboardTitle -->
        <test-method status="PASS" signature="closeApp()[pri:0, instance:com.qa.testscripts.DashBoardTest@13eb8acf]" name="closeApp" is-config="true" duration-ms="615" started-at="2020-08-29T19:26:03 IST" finished-at="2020-08-29T19:26:03 IST">
          <reporter-output>
          </reporter-output>
        </test-method> <!-- closeApp -->
      </class> <!-- com.qa.testscripts.DashBoardTest -->
      <class name="com.qa.testscripts.AddAdminTest">
        <test-method status="PASS" signature="setUp()[pri:0, instance:com.qa.testscripts.AddAdminTest@51c8530f]" name="setUp" is-config="true" duration-ms="22107" started-at="2020-08-29T19:26:07 IST" finished-at="2020-08-29T19:26:29 IST">
          <reporter-output>
          </reporter-output>
        </test-method> <!-- setUp -->
        <test-method status="PASS" signature="newUsersData(java.lang.String, java.lang.String, java.lang.String, java.lang.String, java.lang.String, java.lang.String)[pri:1, instance:com.qa.testscripts.AddAdminTest@51c8530f]" name="newUsersData" duration-ms="35642" started-at="2020-08-29T19:26:29 IST" data-provider="geAdminUserData" finished-at="2020-08-29T19:27:05 IST">
          <params>
            <param index="0">
              <value>
                <![CDATA[Admin]]>
              </value>
            </param>
            <param index="1">
              <value>
                <![CDATA[Linda Anderson]]>
              </value>
            </param>
            <param index="2">
              <value>
                <![CDATA[Peterburg]]>
              </value>
            </param>
            <param index="3">
              <value>
                <![CDATA[Enabled]]>
              </value>
            </param>
            <param index="4">
              <value>
                <![CDATA[Test@1234]]>
              </value>
            </param>
            <param index="5">
              <value>
                <![CDATA[Test@1234]]>
              </value>
            </param>
          </params>
          <reporter-output>
          </reporter-output>
        </test-method> <!-- newUsersData -->
        <test-method status="PASS" signature="closeApp()[pri:0, instance:com.qa.testscripts.AddAdminTest@51c8530f]" name="closeApp" is-config="true" duration-ms="668" started-at="2020-08-29T19:27:05 IST" finished-at="2020-08-29T19:27:05 IST">
          <reporter-output>
          </reporter-output>
        </test-method> <!-- closeApp -->
        <test-method status="PASS" signature="setUp()[pri:0, instance:com.qa.testscripts.AddAdminTest@51c8530f]" name="setUp" is-config="true" duration-ms="22115" started-at="2020-08-29T19:27:05 IST" finished-at="2020-08-29T19:27:27 IST">
          <reporter-output>
          </reporter-output>
        </test-method> <!-- setUp -->
        <test-method status="PASS" signature="newUsersData(java.lang.String, java.lang.String, java.lang.String, java.lang.String, java.lang.String, java.lang.String)[pri:1, instance:com.qa.testscripts.AddAdminTest@51c8530f]" name="newUsersData" duration-ms="33538" started-at="2020-08-29T19:27:27 IST" data-provider="geAdminUserData" finished-at="2020-08-29T19:28:01 IST">
          <params>
            <param index="0">
              <value>
                <![CDATA[ESS]]>
              </value>
            </param>
            <param index="1">
              <value>
                <![CDATA[Linda Anderson]]>
              </value>
            </param>
            <param index="2">
              <value>
                <![CDATA[Shyam34]]>
              </value>
            </param>
            <param index="3">
              <value>
                <![CDATA[Enabled]]>
              </value>
            </param>
            <param index="4">
              <value>
                <![CDATA[Test@1234]]>
              </value>
            </param>
            <param index="5">
              <value>
                <![CDATA[Test@1234]]>
              </value>
            </param>
          </params>
          <reporter-output>
          </reporter-output>
        </test-method> <!-- newUsersData -->
        <test-method status="PASS" signature="closeApp()[pri:0, instance:com.qa.testscripts.AddAdminTest@51c8530f]" name="closeApp" is-config="true" duration-ms="623" started-at="2020-08-29T19:28:01 IST" finished-at="2020-08-29T19:28:02 IST">
          <reporter-output>
          </reporter-output>
        </test-method> <!-- closeApp -->
      </class> <!-- com.qa.testscripts.AddAdminTest -->
    </test> <!-- Test -->
  </suite> <!-- Suite -->
</testng-results>
